{@export 'SearchField'}
    <div class="search__container">
        <input class="search__input" type="text" placeholder="Search.." />
    </div>
{/export}