{@export 'SearchField', prop}
    <div class="search__container">
        {{prop}}
        <input class="search__input" type="text" placeholder="Search.." />
    </div>
{/export}