{@export 'About'}
    <div>
        This is the about page
    </div>

    <{  }>
{/export}